[2025-12-06 01:07:05] [::1] [User: 7] [LOGIN_SUCCESS] User: service01
[2025-12-06 01:10:34] [::1] [User: 10] [LOGIN_SUCCESS] User: hod01
[2025-12-06 01:16:23] [::1] [User: 7] [LOGIN_SUCCESS] User: service01
[2025-12-06 01:29:49] [::1] [User: 7] [LOGIN_SUCCESS] User: service01
[2025-12-06 01:31:13] [::1] [User: anonymous] [LOGIN_FAILED] User: hod01
[2025-12-06 01:31:22] [::1] [User: anonymous] [LOGIN_FAILED] User: hod01
[2025-12-06 01:31:50] [::1] [User: 10] [LOGIN_SUCCESS] User: hod01
[2025-12-06 01:39:37] [::1] [User: 10] [LOGIN_SUCCESS] User: hod01
[2025-12-06 01:43:09] [::1] [User: 7] [LOGIN_SUCCESS] User: service01
[2025-12-06 01:45:55] [::1] [User: 4] [LOGIN_SUCCESS] User: finance01
[2025-12-06 01:48:37] [::1] [User: 7] [LOGIN_SUCCESS] User: service01
[2025-12-06 02:15:23] [::1] [User: 7] [LOGIN_SUCCESS] User: service01
[2025-12-08 06:16:30] [::1] [User: 7] [LOGIN_SUCCESS] User: service01
[2025-12-09 01:31:15] [::1] [User: 7] [LOGIN_SUCCESS] User: service01
[2025-12-09 01:31:58] [::1] [User: 1] [LOGIN_SUCCESS] User: admin01
[2025-12-09 04:34:41] [::1] [User: 7] [LOGIN_SUCCESS] User: service01
[2025-12-09 05:16:59] [::1] [User: 10] [LOGIN_SUCCESS] User: hod01
[2025-12-09 08:06:56] [::1] [User: 7] [LOGIN_SUCCESS] User: service01
[2025-12-09 08:07:50] [::1] [User: anonymous] [LOGIN_FAILED] User: finance01
[2025-12-09 08:08:04] [::1] [User: 4] [LOGIN_SUCCESS] User: finance01
[2025-12-11 00:12:02] [::1] [User: anonymous] [LOGIN_FAILED] User: service01
[2025-12-11 00:12:14] [::1] [User: anonymous] [LOGIN_FAILED] User: service01
[2025-12-11 00:12:19] [::1] [User: anonymous] [LOGIN_FAILED] User: service01
[2025-12-11 00:12:23] [::1] [User: anonymous] [LOGIN_FAILED] User: service01
[2025-12-11 00:12:26] [::1] [User: anonymous] [LOGIN_FAILED] User: service01
[2025-12-11 00:12:32] [::1] [User: anonymous] [LOGIN_FAILED] User: service01
[2025-12-11 00:12:51] [::1] [User: anonymous] [LOGIN_FAILED] User: service01
[2025-12-11 00:13:06] [::1] [User: anonymous] [LOGIN_FAILED] User: service01
[2025-12-11 00:13:14] [::1] [User: anonymous] [LOGIN_FAILED] User: service01
[2025-12-11 00:13:30] [::1] [User: anonymous] [LOGIN_FAILED] User: service01
[2025-12-11 06:34:37] [::1] [User: 7] [LOGIN_SUCCESS] User: service01
